<?xml version="1.0" encoding="UTF-8"?>
<testsuite xmlns:xsi="http://www.w3.org/2001/XMLSchema-instance" xsi:noNamespaceSchemaLocation="https://maven.apache.org/surefire/maven-surefire-plugin/xsd/surefire-test-report.xsd" name="pe.edu.utp.AppTest" time="0.057" tests="1" errors="0" skipped="0" failures="0">
  <properties>
    <property name="java.specification.version" value="18"/>
    <property name="sun.cpu.isalist" value="amd64"/>
    <property name="sun.jnu.encoding" value="Cp1252"/>
    <property name="java.class.path" value="C:\Users\jsana\IdeaProjects\PROGRAMACIÓN ORIENTADO A OBJETOS\PROYECTO FINAL\Proyecto_POO\target\test-classes;C:\Users\jsana\IdeaProjects\PROGRAMACIÓN ORIENTADO A OBJETOS\PROYECTO FINAL\Proyecto_POO\target\classes;C:\Users\jsana\.m2\repository\junit\junit\4.11\junit-4.11.jar;C:\Users\jsana\.m2\repository\org\hamcrest\hamcrest-core\1.3\hamcrest-core-1.3.jar;C:\Users\jsana\.m2\repository\com\itextpdf\layout\7.1.15\layout-7.1.15.jar;C:\Users\jsana\.m2\repository\org\slf4j\slf4j-api\1.7.30\slf4j-api-1.7.30.jar;C:\Users\jsana\.m2\repository\com\itextpdf\kernel\8.0.1\kernel-8.0.1.jar;C:\Users\jsana\.m2\repository\com\itextpdf\bouncy-castle-connector\8.0.1\bouncy-castle-connector-8.0.1.jar;C:\Users\jsana\.m2\repository\com\itextpdf\io\8.0.1\io-8.0.1.jar;C:\Users\jsana\.m2\repository\com\itextpdf\commons\8.0.1\commons-8.0.1.jar;C:\Users\jsana\.m2\repository\ch\qos\logback\logback-classic\1.2.6\logback-classic-1.2.6.jar;C:\Users\jsana\.m2\repository\ch\qos\logback\logback-core\1.2.6\logback-core-1.2.6.jar;C:\Users\jsana\.m2\repository\com\itextpdf\itextpdf\5.5.13.3\itextpdf-5.5.13.3.jar;"/>
    <property name="java.vm.vendor" value="Oracle Corporation"/>
    <property name="sun.arch.data.model" value="64"/>
    <property name="user.variant" value=""/>
    <property name="java.vendor.url" value="https://java.oracle.com/"/>
    <property name="user.timezone" value="America/Lima"/>
    <property name="os.name" value="Windows 11"/>
    <property name="java.vm.specification.version" value="18"/>
    <property name="sun.java.launcher" value="SUN_STANDARD"/>
    <property name="user.country" value="PE"/>
    <property name="sun.boot.library.path" value="C:\Program Files\Java\jdk-18.0.2.1\bin"/>
    <property name="sun.java.command" value="C:\Users\jsana\AppData\Local\Temp\surefire5838855457176788699\surefirebooter6097654137138439717.jar C:\Users\jsana\AppData\Local\Temp\surefire5838855457176788699 2023-10-12T03-40-40_102-jvmRun1 surefire10550165059653042033tmp surefire_07420309383804157360tmp"/>
    <property name="jdk.debug" value="release"/>
    <property name="surefire.test.class.path" value="C:\Users\jsana\IdeaProjects\PROGRAMACIÓN ORIENTADO A OBJETOS\PROYECTO FINAL\Proyecto_POO\target\test-classes;C:\Users\jsana\IdeaProjects\PROGRAMACIÓN ORIENTADO A OBJETOS\PROYECTO FINAL\Proyecto_POO\target\classes;C:\Users\jsana\.m2\repository\junit\junit\4.11\junit-4.11.jar;C:\Users\jsana\.m2\repository\org\hamcrest\hamcrest-core\1.3\hamcrest-core-1.3.jar;C:\Users\jsana\.m2\repository\com\itextpdf\layout\7.1.15\layout-7.1.15.jar;C:\Users\jsana\.m2\repository\org\slf4j\slf4j-api\1.7.30\slf4j-api-1.7.30.jar;C:\Users\jsana\.m2\repository\com\itextpdf\kernel\8.0.1\kernel-8.0.1.jar;C:\Users\jsana\.m2\repository\com\itextpdf\bouncy-castle-connector\8.0.1\bouncy-castle-connector-8.0.1.jar;C:\Users\jsana\.m2\repository\com\itextpdf\io\8.0.1\io-8.0.1.jar;C:\Users\jsana\.m2\repository\com\itextpdf\commons\8.0.1\commons-8.0.1.jar;C:\Users\jsana\.m2\repository\ch\qos\logback\logback-classic\1.2.6\logback-classic-1.2.6.jar;C:\Users\jsana\.m2\repository\ch\qos\logback\logback-core\1.2.6\logback-core-1.2.6.jar;C:\Users\jsana\.m2\repository\com\itextpdf\itextpdf\5.5.13.3\itextpdf-5.5.13.3.jar;"/>
    <property name="sun.cpu.endian" value="little"/>
    <property name="user.home" value="C:\Users\jsana"/>
    <property name="user.language" value="es"/>
    <property name="java.specification.vendor" value="Oracle Corporation"/>
    <property name="java.version.date" value="2022-08-18"/>
    <property name="java.home" value="C:\Program Files\Java\jdk-18.0.2.1"/>
    <property name="file.separator" value="\"/>
    <property name="basedir" value="C:\Users\jsana\IdeaProjects\PROGRAMACIÓN ORIENTADO A OBJETOS\PROYECTO FINAL\Proyecto_POO"/>
    <property name="java.vm.compressedOopsMode" value="Zero based"/>
    <property name="line.separator" value="&#10;"/>
    <property name="java.vm.specification.vendor" value="Oracle Corporation"/>
    <property name="java.specification.name" value="Java Platform API Specification"/>
    <property name="surefire.real.class.path" value="C:\Users\jsana\AppData\Local\Temp\surefire5838855457176788699\surefirebooter6097654137138439717.jar"/>
    <property name="user.script" value=""/>
    <property name="sun.management.compiler" value="HotSpot 64-Bit Tiered Compilers"/>
    <property name="java.runtime.version" value="18.0.2.1+1-1"/>
    <property name="user.name" value="jsana"/>
    <property name="path.separator" value=";"/>
    <property name="os.version" value="10.0"/>
    <property name="java.runtime.name" value="Java(TM) SE Runtime Environment"/>
    <property name="file.encoding" value="UTF-8"/>
    <property name="java.vm.name" value="Java HotSpot(TM) 64-Bit Server VM"/>
    <property name="localRepository" value="C:\Users\jsana\.m2\repository"/>
    <property name="java.vendor.url.bug" value="https://bugreport.java.com/bugreport/"/>
    <property name="java.io.tmpdir" value="C:\Users\jsana\AppData\Local\Temp\"/>
    <property name="java.version" value="18.0.2.1"/>
    <property name="user.dir" value="C:\Users\jsana\IdeaProjects\PROGRAMACIÓN ORIENTADO A OBJETOS\PROYECTO FINAL\Proyecto_POO"/>
    <property name="os.arch" value="amd64"/>
    <property name="java.vm.specification.name" value="Java Virtual Machine Specification"/>
    <property name="sun.os.patch.level" value=""/>
    <property name="native.encoding" value="Cp1252"/>
    <property name="java.library.path" value="C:\Program Files\Java\jdk-18.0.2.1\bin;C:\Windows\Sun\Java\bin;C:\Windows\system32;C:\Windows;C:\Program Files\Common Files\Oracle\Java\javapath;C:\Program Files (x86)\Common Files\Oracle\Java\javapath;C:\Program Files (x86)\VMware\VMware Player\bin\;C:\Windows\system32;C:\Windows;C:\Windows\System32\Wbem;C:\Windows\System32\WindowsPowerShell\v1.0\;C:\Windows\System32\OpenSSH\;D:\MIS COSAS\Putty\;C:\Program Files (x86)\Microsoft SQL Server\160\Tools\Binn\;C:\Program Files\Microsoft SQL Server\160\Tools\Binn\;C:\Program Files\Microsoft SQL Server\Client SDK\ODBC\170\Tools\Binn\;C:\Program Files\Microsoft SQL Server\160\DTS\Binn\;C:\Program Files (x86)\Microsoft SQL Server\160\DTS\Binn\;C:\Program Files\Azure Data Studio\bin;C:\Program Files\Git\cmd;C:\Program Files\GitHub CLI\;C:\apache-maven-3.9.5\bin;C:\Users\jsana\AppData\Local\Microsoft\WindowsApps;D:\MIS COSAS\Microsoft VS Code\bin;C:\Users\jsana\AppData\Local\GitHubDesktop\bin;."/>
    <property name="java.vm.info" value="mixed mode, sharing"/>
    <property name="java.vendor" value="Oracle Corporation"/>
    <property name="java.vm.version" value="18.0.2.1+1-1"/>
    <property name="sun.io.unicode.encoding" value="UnicodeLittle"/>
    <property name="java.class.version" value="62.0"/>
  </properties>
  <testcase name="shouldAnswerWithTrue" classname="pe.edu.utp.AppTest" time="0.004"/>
</testsuite>